# JRE version: Java(TM) SE Runtime Environment (14.0.2+12) (build 14.0.2+12-46)
# Java VM: Java HotSpot(TM) 64-Bit Server VM (14.0.2+12-46, mixed mode, sharing, tiered, compressed oops, g1 gc, windows-amd64)
Heap:
 garbage-first heap   total 98304K, used 52724K [0x00000000a1800000, 0x0000000100000000)
  region size 1024K, 48 young (49152K), 5 survivors (5120K)
 Metaspace       used 19734K, capacity 20410K, committed 20736K, reserved 1067008K
  class space    used 2420K, capacity 2694K, committed 2816K, reserved 1048576K
GC Heap History (10 events):
Event: 2.655 GC heap before
{Heap before GC invocations=0 (full 0):
 garbage-first heap   total 98304K, used 13312K [0x00000000a1800000, 0x0000000100000000)
  region size 1024K, 13 young (13312K), 0 survivors (0K)
 Metaspace       used 2243K, capacity 5299K, committed 5504K, reserved 1056768K
  class space    used 206K, capacity 513K, committed 640K, reserved 1048576K
}
Event: 2.674 GC heap after
{Heap after GC invocations=1 (full 0):
 garbage-first heap   total 98304K, used 6036K [0x00000000a1800000, 0x0000000100000000)
  region size 1024K, 2 young (2048K), 2 survivors (2048K)
 Metaspace       used 2243K, capacity 5299K, committed 5504K, reserved 1056768K
  class space    used 206K, capacity 513K, committed 640K, reserved 1048576K
}
Event: 4.843 GC heap before
{Heap before GC invocations=1 (full 0):
 garbage-first heap   total 98304K, used 17300K [0x00000000a1800000, 0x0000000100000000)
  region size 1024K, 13 young (13312K), 2 survivors (2048K)
 Metaspace       used 4128K, capacity 6587K, committed 6912K, reserved 1056768K
  class space    used 446K, capacity 690K, committed 768K, reserved 1048576K
}
Event: 4.850 GC heap after
{Heap after GC invocations=2 (full 0):
 garbage-first heap   total 98304K, used 6701K [0x00000000a1800000, 0x0000000100000000)
  region size 1024K, 1 young (1024K), 1 survivors (1024K)
 Metaspace       used 4128K, capacity 6587K, committed 6912K, reserved 1056768K
  class space    used 446K, capacity 690K, committed 768K, reserved 1048576K
}
Event: 8.949 GC heap before
{Heap before GC invocations=2 (full 0):
 garbage-first heap   total 98304K, used 30253K [0x00000000a1800000, 0x0000000100000000)
  region size 1024K, 24 young (24576K), 1 survivors (1024K)
 Metaspace       used 8347K, capacity 9699K, committed 9728K, reserved 1058816K
  class space    used 1069K, capacity 1267K, committed 1280K, reserved 1048576K
}
Event: 8.976 GC heap after
{Heap after GC invocations=3 (full 0):
 garbage-first heap   total 98304K, used 8083K [0x00000000a1800000, 0x0000000100000000)
  region size 1024K, 2 young (2048K), 2 survivors (2048K)
 Metaspace       used 8347K, capacity 9699K, committed 9728K, reserved 1058816K
  class space    used 1069K, capacity 1267K, committed 1280K, reserved 1048576K
}
Event: 14.869 GC heap before
{Heap before GC invocations=3 (full 0):
 garbage-first heap   total 98304K, used 64403K [0x00000000a1800000, 0x0000000100000000)
  region size 1024K, 57 young (58368K), 2 survivors (2048K)
 Metaspace       used 15821K, capacity 16301K, committed 16512K, reserved 1062912K
  class space    used 1946K, capacity 2144K, committed 2176K, reserved 1048576K
}
Event: 14.879 GC heap after
{Heap after GC invocations=4 (full 0):
 garbage-first heap   total 98304K, used 9724K [0x00000000a1800000, 0x0000000100000000)
  region size 1024K, 4 young (4096K), 4 survivors (4096K)
 Metaspace       used 15821K, capacity 16301K, committed 16512K, reserved 1062912K
  class space    used 1946K, capacity 2144K, committed 2176K, reserved 1048576K
}
Event: 16.336 GC heap before
{Heap before GC invocations=4 (full 0):
 garbage-first heap   total 98304K, used 62972K [0x00000000a1800000, 0x0000000100000000)
  region size 1024K, 57 young (58368K), 4 survivors (4096K)
 Metaspace       used 16376K, capacity 16886K, committed 17152K, reserved 1064960K
  class space    used 1996K, capacity 2189K, committed 2304K, reserved 1048576K
}
Event: 16.347 GC heap after
{Heap after GC invocations=5 (full 0):
 garbage-first heap   total 98304K, used 10740K [0x00000000a1800000, 0x0000000100000000)
  region size 1024K, 5 young (5120K), 5 survivors (5120K)
 Metaspace       used 16376K, capacity 16886K, committed 17152K, reserved 1064960K
  class space    used 1996K, capacity 2189K, committed 2304K, reserved 1048576K
}

